<?xml version="1.0" encoding="UTF-8"?>
<!-- Generated by org.testng.reporters.JUnitReportReporter -->
<testsuite hostname="acer" failures="0" tests="2" name="TestCases.TC_01Login" time="87.059" errors="0" timestamp="2023-02-12T20:04:00 IST" skipped="0">
  <testcase classname="TestCases.TC_01Login" name="VerifyMoneyPage_02" time="60.015"/>
  <system-out/>
  <testcase classname="TestCases.TC_01Login" name="VerifyTitleTest_01" time="27.044"/>
  <system-out/>
</testsuite> <!-- TestCases.TC_01Login -->
