<?xml version="1.0" encoding="UTF-8"?>
<!-- Generated by org.testng.reporters.JUnitReportReporter -->
<testsuite hostname="acer" failures="0" tests="2" name="TestCases.TC_02NiftyPage" time="119.819" errors="0" timestamp="2023-02-11T12:17:16 IST" skipped="0">
  <testcase classname="TestCases.TC_02NiftyPage" name="VerifyMoneyPage" time="66.337"/>
  <system-out/>
  <testcase classname="TestCases.TC_02NiftyPage" name="VerifyMoneyTitle" time="53.482"/>
  <system-out/>
</testsuite> <!-- TestCases.TC_02NiftyPage -->
