<?xml version="1.0" encoding="UTF-8"?>
<!-- Generated by org.testng.reporters.JUnitReportReporter -->
<testsuite hostname="acer" failures="0" tests="1" name="TestCases.TC_03NazaraPage" time="78.169" errors="0" timestamp="2023-02-11T12:17:16 IST" skipped="0">
  <testcase classname="TestCases.TC_03NazaraPage" name="VerifyNazara" time="78.169"/>
  <system-out/>
</testsuite> <!-- TestCases.TC_03NazaraPage -->
